<?xml version="1.0" encoding="UTF-8"?>
<testng-results ignored="0" total="2" passed="2" failed="0" skipped="0">
  <reporter-output>
    <line>
      <![CDATA[Application opened]]>
    </line>
    <line>
      <![CDATA[Application closed]]>
    </line>
    <line>
      <![CDATA[Application opened]]>
    </line>
    <line>
      <![CDATA[Application closed]]>
    </line>
  </reporter-output>
  <suite started-at="2021-02-03T22:21:06 IST" name="Suite1" finished-at="2021-02-03T22:21:58 IST" duration-ms="52270">
    <groups>
    </groups>
    <test started-at="2021-02-03T22:21:06 IST" name="Nopackage" finished-at="2021-02-03T22:21:58 IST" duration-ms="52270">
      <class name="com.hrms.testscripts.TC001">
        <test-method signature="TC001()[pri:0, instance:com.hrms.testscripts.TC001@5c072e3f]" started-at="2021-02-03T22:21:06 IST" name="TC001" finished-at="2021-02-03T22:21:32 IST" duration-ms="25801" status="PASS">
          <reporter-output>
            <line>
              <![CDATA[Application opened]]>
            </line>
            <line>
              <![CDATA[Application closed]]>
            </line>
          </reporter-output>
        </test-method> <!-- TC001 -->
      </class> <!-- com.hrms.testscripts.TC001 -->
      <class name="com.hrms.testscripts.TC002">
        <test-method signature="tc002()[pri:0, instance:com.hrms.testscripts.TC002@4d1b0d2a]" started-at="2021-02-03T22:21:32 IST" name="tc002" finished-at="2021-02-03T22:21:58 IST" duration-ms="26436" status="PASS">
          <reporter-output>
            <line>
              <![CDATA[Application opened]]>
            </line>
            <line>
              <![CDATA[Application closed]]>
            </line>
          </reporter-output>
        </test-method> <!-- tc002 -->
      </class> <!-- com.hrms.testscripts.TC002 -->
    </test> <!-- Nopackage -->
  </suite> <!-- Suite1 -->
</testng-results>
